2023-09-12 05:20:00,843 p=8715 u=student n=ansible | ERROR! We were unable to read either as JSON nor YAML, these are the errors we got from each:
JSON: Expecting value: line 1 column 1 (char 0)

Syntax Error while loading YAML.
  mapping values are not allowed in this context

The error appears to be in '/home/student/troubleshoot-playbook/samba.yml': line 8, column 30, but may
be elsewhere in the file depending on the exact syntax problem.

The offending line appears to be:

    install_state: installed
    random_var: This is colon: test
                             ^ here

2023-09-12 05:21:03,119 p=8769 u=student n=ansible | ERROR! We were unable to read either as JSON nor YAML, these are the errors we got from each:
JSON: Expecting value: line 1 column 1 (char 0)

Syntax Error while loading YAML.
  did not find expected key

The error appears to be in '/home/student/troubleshoot-playbook/samba.yml': line 44, column 4, but may
be elsewhere in the file depending on the exact syntax problem.

The offending line appears to be:


   - name: deliver samba config
   ^ here

2023-09-12 05:22:48,781 p=8843 u=student n=ansible | ERROR! We were unable to read either as JSON nor YAML, these are the errors we got from each:
JSON: Expecting value: line 1 column 1 (char 0)

Syntax Error while loading YAML.
  found unacceptable key (unhashable type: 'AnsibleMapping')

The error appears to be in '/home/student/troubleshoot-playbook/samba.yml': line 14, column 15, but may
be elsewhere in the file depending on the exact syntax problem.

The offending line appears to be:

      name: samba
      state: {{ install_state }}
              ^ here
We could be wrong, but this one looks like it might be an issue with
missing quotes. Always quote template expression brackets when they
start a value. For instance:

    with_items:
      - {{ foo }}

Should be written as:

    with_items:
      - "{{ foo }}"

2023-09-12 05:24:30,052 p=8887 u=student n=ansible | ERROR! We were unable to read either as JSON nor YAML, these are the errors we got from each:
JSON: Expecting value: line 1 column 1 (char 0)

Syntax Error while loading YAML.
  found unacceptable key (unhashable type: 'AnsibleMapping')

The error appears to be in '/home/student/troubleshoot-playbook/samba.yml': line 14, column 15, but may
be elsewhere in the file depending on the exact syntax problem.

The offending line appears to be:

      name: samba
      state: {{ install_state }}
              ^ here
We could be wrong, but this one looks like it might be an issue with
missing quotes. Always quote template expression brackets when they
start a value. For instance:

    with_items:
      - {{ foo }}

Should be written as:

    with_items:
      - "{{ foo }}"

2023-09-12 05:25:28,652 p=8930 u=student n=ansible | playbook: samba.yml
2023-09-12 05:26:06,607 p=8996 u=student n=ansible | PLAY [Install a samba server] **************************************************************************************************************************************************
2023-09-12 05:26:06,616 p=8996 u=student n=ansible | TASK [Gathering Facts] *********************************************************************************************************************************************************
2023-09-12 05:26:29,134 p=8996 u=student n=ansible | fatal: [servera.lab.exammple.com]: UNREACHABLE! => {"changed": false, "msg": "Failed to connect to the host via ssh: ssh: connect to host servera.lab.exammple.com port 22: Connection timed out", "unreachable": true}
2023-09-12 05:26:29,135 p=8996 u=student n=ansible | PLAY RECAP *********************************************************************************************************************************************************************
2023-09-12 05:26:29,135 p=8996 u=student n=ansible | servera.lab.exammple.com   : ok=0    changed=0    unreachable=1    failed=0    skipped=0    rescued=0    ignored=0   
2023-09-12 05:28:06,067 p=9054 u=student n=ansible | ansible-playbook 2.9.21
  config file = /home/student/troubleshoot-playbook/ansible.cfg
  configured module search path = ['/home/student/.ansible/plugins/modules', '/usr/share/ansible/plugins/modules']
  ansible python module location = /usr/lib/python3.6/site-packages/ansible
  executable location = /usr/bin/ansible-playbook
  python version = 3.6.8 (default, Mar 18 2021, 08:58:41) [GCC 8.4.1 20200928 (Red Hat 8.4.1-1)]
2023-09-12 05:28:06,067 p=9054 u=student n=ansible | Using /home/student/troubleshoot-playbook/ansible.cfg as config file
2023-09-12 05:28:06,073 p=9054 u=student n=ansible | host_list declined parsing /home/student/troubleshoot-playbook/inventory as it did not pass its verify_file() method
2023-09-12 05:28:06,073 p=9054 u=student n=ansible | script declined parsing /home/student/troubleshoot-playbook/inventory as it did not pass its verify_file() method
2023-09-12 05:28:06,073 p=9054 u=student n=ansible | auto declined parsing /home/student/troubleshoot-playbook/inventory as it did not pass its verify_file() method
2023-09-12 05:28:06,076 p=9054 u=student n=ansible | Parsed /home/student/troubleshoot-playbook/inventory inventory source with ini plugin
2023-09-12 05:28:06,314 p=9054 u=student n=ansible | Skipping callback 'actionable', as we already have a stdout callback.
2023-09-12 05:28:06,314 p=9054 u=student n=ansible | Skipping callback 'counter_enabled', as we already have a stdout callback.
2023-09-12 05:28:06,314 p=9054 u=student n=ansible | Skipping callback 'debug', as we already have a stdout callback.
2023-09-12 05:28:06,314 p=9054 u=student n=ansible | Skipping callback 'dense', as we already have a stdout callback.
2023-09-12 05:28:06,314 p=9054 u=student n=ansible | Skipping callback 'dense', as we already have a stdout callback.
2023-09-12 05:28:06,314 p=9054 u=student n=ansible | Skipping callback 'full_skip', as we already have a stdout callback.
2023-09-12 05:28:06,314 p=9054 u=student n=ansible | Skipping callback 'json', as we already have a stdout callback.
2023-09-12 05:28:06,314 p=9054 u=student n=ansible | Skipping callback 'minimal', as we already have a stdout callback.
2023-09-12 05:28:06,314 p=9054 u=student n=ansible | Skipping callback 'null', as we already have a stdout callback.
2023-09-12 05:28:06,314 p=9054 u=student n=ansible | Skipping callback 'oneline', as we already have a stdout callback.
2023-09-12 05:28:06,314 p=9054 u=student n=ansible | Skipping callback 'selective', as we already have a stdout callback.
2023-09-12 05:28:06,314 p=9054 u=student n=ansible | Skipping callback 'skippy', as we already have a stdout callback.
2023-09-12 05:28:06,314 p=9054 u=student n=ansible | Skipping callback 'stderr', as we already have a stdout callback.
2023-09-12 05:28:06,315 p=9054 u=student n=ansible | Skipping callback 'unixy', as we already have a stdout callback.
2023-09-12 05:28:06,315 p=9054 u=student n=ansible | Skipping callback 'yaml', as we already have a stdout callback.
2023-09-12 05:28:06,315 p=9054 u=student n=ansible | PLAYBOOK: samba.yml ************************************************************************************************************************************************************
2023-09-12 05:28:06,315 p=9054 u=student n=ansible | 1 plays in samba.yml
2023-09-12 05:28:06,317 p=9054 u=student n=ansible | PLAY [Install a samba server] **************************************************************************************************************************************************
2023-09-12 05:28:06,326 p=9054 u=student n=ansible | TASK [Gathering Facts] *********************************************************************************************************************************************************
2023-09-12 05:28:06,341 p=9060 u=student n=ansible | <servera.lab.exammple.com> ESTABLISH SSH CONNECTION FOR USER: devops
2023-09-12 05:28:06,342 p=9060 u=student n=ansible | <servera.lab.exammple.com> SSH: EXEC ssh -C -o ControlMaster=auto -o ControlPersist=60s -o KbdInteractiveAuthentication=no -o PreferredAuthentications=gssapi-with-mic,gssapi-keyex,hostbased,publickey -o PasswordAuthentication=no -o 'User="devops"' -o ConnectTimeout=10 -o ControlPath=/home/student/.ansible/cp/d4775f48c9 servera.lab.exammple.com '/bin/sh -c '"'"'echo ~devops && sleep 0'"'"''
2023-09-12 05:28:26,386 p=9060 u=student n=ansible | <servera.lab.exammple.com> (255, b'', b'ssh: connect to host servera.lab.exammple.com port 22: Connection timed out\r\n')
2023-09-12 05:28:26,390 p=9054 u=student n=ansible | fatal: [servera.lab.exammple.com]: UNREACHABLE! => {
    "changed": false,
    "msg": "Failed to connect to the host via ssh: ssh: connect to host servera.lab.exammple.com port 22: Connection timed out",
    "unreachable": true
}
2023-09-12 05:28:26,391 p=9054 u=student n=ansible | PLAY RECAP *********************************************************************************************************************************************************************
2023-09-12 05:28:26,392 p=9054 u=student n=ansible | servera.lab.exammple.com   : ok=0    changed=0    unreachable=1    failed=0    skipped=0    rescued=0    ignored=0   
2023-09-12 05:30:03,389 p=9127 u=student n=ansible | Using /home/student/troubleshoot-playbook/ansible.cfg as config file
2023-09-12 05:30:03,630 p=9127 u=student n=ansible | PLAY [Install a samba server] **************************************************************************************************************************************************
2023-09-12 05:30:03,639 p=9127 u=student n=ansible | TASK [Gathering Facts] *********************************************************************************************************************************************************
2023-09-12 05:30:05,121 p=9127 u=student n=ansible | ok: [servera.lab.example.com]
2023-09-12 05:30:05,128 p=9127 u=student n=ansible | TASK [install samba] ***********************************************************************************************************************************************************
2023-09-12 05:30:08,954 p=9127 u=student n=ansible | changed: [servera.lab.example.com] => {"changed": true, "msg": "", "rc": 0, "results": ["Installed: samba-4.13.3-3.el8.x86_64", "Installed: samba-libs-4.13.3-3.el8.x86_64", "Installed: samba-common-tools-4.13.3-3.el8.x86_64"]}
2023-09-12 05:30:08,961 p=9127 u=student n=ansible | TASK [install firewalld] *******************************************************************************************************************************************************
2023-09-12 05:30:10,757 p=9127 u=student n=ansible | ok: [servera.lab.example.com] => {"changed": false, "msg": "Nothing to do", "rc": 0, "results": []}
2023-09-12 05:30:10,765 p=9127 u=student n=ansible | TASK [debug install_state variable] ********************************************************************************************************************************************
2023-09-12 05:30:10,803 p=9127 u=student n=ansible | ok: [servera.lab.example.com] => {
    "msg": "The state for the samba service is installed"
}
2023-09-12 05:30:10,811 p=9127 u=student n=ansible | TASK [start samba] *************************************************************************************************************************************************************
2023-09-12 05:30:12,312 p=9127 u=student n=ansible | changed: [servera.lab.example.com] => {"changed": true, "enabled": true, "name": "smb", "state": "started", "status": {"ActiveEnterTimestampMonotonic": "0", "ActiveExitTimestampMonotonic": "0", "ActiveState": "inactive", "After": "nmb.service network.target sysinit.target system.slice systemd-journald.socket winbind.service network-online.target basic.target", "AllowIsolate": "no", "AllowedCPUs": "", "AllowedMemoryNodes": "", "AmbientCapabilities": "", "AssertResult": "no", "AssertTimestampMonotonic": "0", "Before": "shutdown.target", "BlockIOAccounting": "no", "BlockIOWeight": "[not set]", "CPUAccounting": "no", "CPUAffinity": "", "CPUAffinityFromNUMA": "no", "CPUQuotaPerSecUSec": "infinity", "CPUQuotaPeriodUSec": "infinity", "CPUSchedulingPolicy": "0", "CPUSchedulingPriority": "0", "CPUSchedulingResetOnFork": "no", "CPUShares": "[not set]", "CPUUsageNSec": "[not set]", "CPUWeight": "[not set]", "CacheDirectoryMode": "0755", "CanFreeze": "yes", "CanIsolate": "no", "CanReload": "yes", "CanStart": "yes", "CanStop": "yes", "CapabilityBoundingSet": "cap_chown cap_dac_override cap_dac_read_search cap_fowner cap_fsetid cap_kill cap_setgid cap_setuid cap_setpcap cap_linux_immutable cap_net_bind_service cap_net_broadcast cap_net_admin cap_net_raw cap_ipc_lock cap_ipc_owner cap_sys_module cap_sys_rawio cap_sys_chroot cap_sys_ptrace cap_sys_pacct cap_sys_admin cap_sys_boot cap_sys_nice cap_sys_resource cap_sys_time cap_sys_tty_config cap_mknod cap_lease cap_audit_write cap_audit_control cap_setfcap cap_mac_override cap_mac_admin cap_syslog cap_wake_alarm cap_block_suspend cap_audit_read cap_perfmon", "CollectMode": "inactive", "ConditionResult": "no", "ConditionTimestampMonotonic": "0", "ConfigurationDirectoryMode": "0755", "Conflicts": "shutdown.target", "ControlPID": "0", "DefaultDependencies": "yes", "DefaultMemoryLow": "0", "DefaultMemoryMin": "0", "Delegate": "no", "Description": "Samba SMB Daemon", "DevicePolicy": "auto", "Documentation": "man:smbd(8) man:samba(7) man:smb.conf(5)", "DynamicUser": "no", "EffectiveCPUs": "", "EffectiveMemoryNodes": "", "Environment": "KRB5CCNAME=FILE:/run/samba/krb5cc_samba", "EnvironmentFiles": "/etc/sysconfig/samba (ignore_errors=yes)", "ExecMainCode": "0", "ExecMainExitTimestampMonotonic": "0", "ExecMainPID": "0", "ExecMainStartTimestampMonotonic": "0", "ExecMainStatus": "0", "ExecReload": "{ path=/bin/kill ; argv[]=/bin/kill -HUP $MAINPID ; ignore_errors=no ; start_time=[n/a] ; stop_time=[n/a] ; pid=0 ; code=(null) ; status=0/0 }", "ExecStart": "{ path=/usr/sbin/smbd ; argv[]=/usr/sbin/smbd --foreground --no-process-group $SMBDOPTIONS ; ignore_errors=no ; start_time=[n/a] ; stop_time=[n/a] ; pid=0 ; code=(null) ; status=0/0 }", "FailureAction": "none", "FileDescriptorStoreMax": "0", "FragmentPath": "/usr/lib/systemd/system/smb.service", "FreezerState": "running", "GID": "[not set]", "GuessMainPID": "yes", "IOAccounting": "no", "IOSchedulingClass": "0", "IOSchedulingPriority": "0", "IOWeight": "[not set]", "IPAccounting": "no", "IPEgressBytes": "18446744073709551615", "IPEgressPackets": "18446744073709551615", "IPIngressBytes": "18446744073709551615", "IPIngressPackets": "18446744073709551615", "Id": "smb.service", "IgnoreOnIsolate": "no", "IgnoreSIGPIPE": "yes", "InactiveEnterTimestampMonotonic": "0", "InactiveExitTimestampMonotonic": "0", "JobRunningTimeoutUSec": "infinity", "JobTimeoutAction": "none", "JobTimeoutUSec": "infinity", "KeyringMode": "private", "KillMode": "control-group", "KillSignal": "15", "LimitAS": "infinity", "LimitASSoft": "infinity", "LimitCORE": "infinity", "LimitCORESoft": "infinity", "LimitCPU": "infinity", "LimitCPUSoft": "infinity", "LimitDATA": "infinity", "LimitDATASoft": "infinity", "LimitFSIZE": "infinity", "LimitFSIZESoft": "infinity", "LimitLOCKS": "infinity", "LimitLOCKSSoft": "infinity", "LimitMEMLOCK": "65536", "LimitMEMLOCKSoft": "65536", "LimitMSGQUEUE": "819200", "LimitMSGQUEUESoft": "819200", "LimitNICE": "0", "LimitNICESoft": "0", "LimitNOFILE": "16384", "LimitNOFILESoft": "16384", "LimitNPROC": "2874", "LimitNPROCSoft": "2874", "LimitRSS": "infinity", "LimitRSSSoft": "infinity", "LimitRTPRIO": "0", "LimitRTPRIOSoft": "0", "LimitRTTIME": "infinity", "LimitRTTIMESoft": "infinity", "LimitSIGPENDING": "2874", "LimitSIGPENDINGSoft": "2874", "LimitSTACK": "infinity", "LimitSTACKSoft": "8388608", "LoadState": "loaded", "LockPersonality": "no", "LogLevelMax": "-1", "LogRateLimitBurst": "0", "LogRateLimitIntervalUSec": "0", "LogsDirectoryMode": "0755", "MainPID": "0", "MemoryAccounting": "yes", "MemoryCurrent": "[not set]", "MemoryDenyWriteExecute": "no", "MemoryHigh": "infinity", "MemoryLimit": "infinity", "MemoryLow": "0", "MemoryMax": "infinity", "MemoryMin": "0", "MemorySwapMax": "infinity", "MountAPIVFS": "no", "MountFlags": "", "NFileDescriptorStore": "0", "NRestarts": "0", "NUMAMask": "", "NUMAPolicy": "n/a", "Names": "smb.service", "NeedDaemonReload": "no", "Nice": "0", "NoNewPrivileges": "no", "NonBlocking": "no", "NotifyAccess": "main", "OOMScoreAdjust": "0", "OnFailureJobMode": "replace", "PIDFile": "/run/smbd.pid", "PermissionsStartOnly": "no", "Perpetual": "no", "PrivateDevices": "no", "PrivateMounts": "no", "PrivateNetwork": "no", "PrivateTmp": "no", "PrivateUsers": "no", "ProtectControlGroups": "no", "ProtectHome": "no", "ProtectKernelModules": "no", "ProtectKernelTunables": "no", "ProtectSystem": "no", "RefuseManualStart": "no", "RefuseManualStop": "no", "RemainAfterExit": "no", "RemoveIPC": "no", "Requires": "sysinit.target system.slice", "Restart": "no", "RestartUSec": "100ms", "RestrictNamespaces": "no", "RestrictRealtime": "no", "RestrictSUIDSGID": "no", "Result": "success", "RootDirectoryStartOnly": "no", "RuntimeDirectoryMode": "0755", "RuntimeDirectoryPreserve": "no", "RuntimeMaxUSec": "infinity", "SameProcessGroup": "no", "SecureBits": "0", "SendSIGHUP": "no", "SendSIGKILL": "yes", "Slice": "system.slice", "StandardError": "inherit", "StandardInput": "null", "StandardInputData": "", "StandardOutput": "journal", "StartLimitAction": "none", "StartLimitBurst": "5", "StartLimitIntervalUSec": "10s", "StartupBlockIOWeight": "[not set]", "StartupCPUShares": "[not set]", "StartupCPUWeight": "[not set]", "StartupIOWeight": "[not set]", "StateChangeTimestampMonotonic": "0", "StateDirectoryMode": "0755", "StatusErrno": "0", "StopWhenUnneeded": "no", "SubState": "dead", "SuccessAction": "none", "SyslogFacility": "3", "SyslogLevel": "6", "SyslogLevelPrefix": "yes", "SyslogPriority": "30", "SystemCallErrorNumber": "0", "TTYReset": "no", "TTYVHangup": "no", "TTYVTDisallocate": "no", "TasksAccounting": "yes", "TasksCurrent": "[not set]", "TasksMax": "4599", "TimeoutStartUSec": "1min 30s", "TimeoutStopUSec": "1min 30s", "TimerSlackNSec": "50000", "Transient": "no", "Type": "notify", "UID": "[not set]", "UMask": "0022", "UnitFilePreset": "disabled", "UnitFileState": "disabled", "UtmpMode": "init", "Wants": "network-online.target", "WatchdogTimestampMonotonic": "0", "WatchdogUSec": "0"}}
2023-09-12 05:30:12,320 p=9127 u=student n=ansible | TASK [start firewalld] *********************************************************************************************************************************************************
2023-09-12 05:30:12,897 p=9127 u=student n=ansible | ok: [servera.lab.example.com] => {"changed": false, "enabled": true, "name": "firewalld", "state": "started", "status": {"ActiveEnterTimestamp": "Tue 2023-09-12 04:44:33 EDT", "ActiveEnterTimestampMonotonic": "4127383234", "ActiveExitTimestamp": "Tue 2023-09-12 04:44:32 EDT", "ActiveExitTimestampMonotonic": "4126863234", "ActiveState": "active", "After": "dbus.socket polkit.service sysinit.target system.slice dbus.service basic.target", "AllowIsolate": "no", "AllowedCPUs": "", "AllowedMemoryNodes": "", "AmbientCapabilities": "", "AssertResult": "yes", "AssertTimestamp": "Tue 2023-09-12 04:44:33 EDT", "AssertTimestampMonotonic": "4127059773", "Before": "network-pre.target shutdown.target multi-user.target", "BlockIOAccounting": "no", "BlockIOWeight": "[not set]", "BusName": "org.fedoraproject.FirewallD1", "CPUAccounting": "no", "CPUAffinity": "", "CPUAffinityFromNUMA": "no", "CPUQuotaPerSecUSec": "infinity", "CPUQuotaPeriodUSec": "infinity", "CPUSchedulingPolicy": "0", "CPUSchedulingPriority": "0", "CPUSchedulingResetOnFork": "no", "CPUShares": "[not set]", "CPUUsageNSec": "[not set]", "CPUWeight": "[not set]", "CacheDirectoryMode": "0755", "CanFreeze": "yes", "CanIsolate": "no", "CanReload": "yes", "CanStart": "yes", "CanStop": "yes", "CapabilityBoundingSet": "cap_chown cap_dac_override cap_dac_read_search cap_fowner cap_fsetid cap_kill cap_setgid cap_setuid cap_setpcap cap_linux_immutable cap_net_bind_service cap_net_broadcast cap_net_admin cap_net_raw cap_ipc_lock cap_ipc_owner cap_sys_module cap_sys_rawio cap_sys_chroot cap_sys_ptrace cap_sys_pacct cap_sys_admin cap_sys_boot cap_sys_nice cap_sys_resource cap_sys_time cap_sys_tty_config cap_mknod cap_lease cap_audit_write cap_audit_control cap_setfcap cap_mac_override cap_mac_admin cap_syslog cap_wake_alarm cap_block_suspend cap_audit_read cap_perfmon", "CollectMode": "inactive", "ConditionResult": "yes", "ConditionTimestamp": "Tue 2023-09-12 04:44:33 EDT", "ConditionTimestampMonotonic": "4127059773", "ConfigurationDirectoryMode": "0755", "Conflicts": "shutdown.target nftables.service ebtables.service ip6tables.service iptables.service ipset.service", "ControlGroup": "/system.slice/firewalld.service", "ControlPID": "0", "DefaultDependencies": "yes", "DefaultMemoryLow": "0", "DefaultMemoryMin": "0", "Delegate": "no", "Description": "firewalld - dynamic firewall daemon", "DevicePolicy": "auto", "Documentation": "man:firewalld(1)", "DynamicUser": "no", "EffectiveCPUs": "", "EffectiveMemoryNodes": "", "EnvironmentFiles": "/etc/sysconfig/firewalld (ignore_errors=yes)", "ExecMainCode": "0", "ExecMainExitTimestampMonotonic": "0", "ExecMainPID": "14954", "ExecMainStartTimestamp": "Tue 2023-09-12 04:44:33 EDT", "ExecMainStartTimestampMonotonic": "4127060983", "ExecMainStatus": "0", "ExecReload": "{ path=/bin/kill ; argv[]=/bin/kill -HUP $MAINPID ; ignore_errors=no ; start_time=[n/a] ; stop_time=[n/a] ; pid=0 ; code=(null) ; status=0/0 }", "ExecStart": "{ path=/usr/sbin/firewalld ; argv[]=/usr/sbin/firewalld --nofork --nopid $FIREWALLD_ARGS ; ignore_errors=no ; start_time=[n/a] ; stop_time=[n/a] ; pid=0 ; code=(null) ; status=0/0 }", "FailureAction": "none", "FileDescriptorStoreMax": "0", "FragmentPath": "/usr/lib/systemd/system/firewalld.service", "FreezerState": "running", "GID": "[not set]", "GuessMainPID": "yes", "IOAccounting": "no", "IOSchedulingClass": "0", "IOSchedulingPriority": "0", "IOWeight": "[not set]", "IPAccounting": "no", "IPEgressBytes": "18446744073709551615", "IPEgressPackets": "18446744073709551615", "IPIngressBytes": "18446744073709551615", "IPIngressPackets": "18446744073709551615", "Id": "firewalld.service", "IgnoreOnIsolate": "no", "IgnoreSIGPIPE": "yes", "InactiveEnterTimestamp": "Tue 2023-09-12 04:44:33 EDT", "InactiveEnterTimestampMonotonic": "4127058905", "InactiveExitTimestamp": "Tue 2023-09-12 04:44:33 EDT", "InactiveExitTimestampMonotonic": "4127061147", "InvocationID": "bfbf0b5c67524b9b88f34bf17d6c35b6", "JobRunningTimeoutUSec": "infinity", "JobTimeoutAction": "none", "JobTimeoutUSec": "infinity", "KeyringMode": "private", "KillMode": "mixed", "KillSignal": "15", "LimitAS": "infinity", "LimitASSoft": "infinity", "LimitCORE": "infinity", "LimitCORESoft": "infinity", "LimitCPU": "infinity", "LimitCPUSoft": "infinity", "LimitDATA": "infinity", "LimitDATASoft": "infinity", "LimitFSIZE": "infinity", "LimitFSIZESoft": "infinity", "LimitLOCKS": "infinity", "LimitLOCKSSoft": "infinity", "LimitMEMLOCK": "65536", "LimitMEMLOCKSoft": "65536", "LimitMSGQUEUE": "819200", "LimitMSGQUEUESoft": "819200", "LimitNICE": "0", "LimitNICESoft": "0", "LimitNOFILE": "262144", "LimitNOFILESoft": "1024", "LimitNPROC": "2874", "LimitNPROCSoft": "2874", "LimitRSS": "infinity", "LimitRSSSoft": "infinity", "LimitRTPRIO": "0", "LimitRTPRIOSoft": "0", "LimitRTTIME": "infinity", "LimitRTTIMESoft": "infinity", "LimitSIGPENDING": "2874", "LimitSIGPENDINGSoft": "2874", "LimitSTACK": "infinity", "LimitSTACKSoft": "8388608", "LoadState": "loaded", "LockPersonality": "no", "LogLevelMax": "-1", "LogRateLimitBurst": "0", "LogRateLimitIntervalUSec": "0", "LogsDirectoryMode": "0755", "MainPID": "14954", "MemoryAccounting": "yes", "MemoryCurrent": "27602944", "MemoryDenyWriteExecute": "no", "MemoryHigh": "infinity", "MemoryLimit": "infinity", "MemoryLow": "0", "MemoryMax": "infinity", "MemoryMin": "0", "MemorySwapMax": "infinity", "MountAPIVFS": "no", "MountFlags": "", "NFileDescriptorStore": "0", "NRestarts": "0", "NUMAMask": "", "NUMAPolicy": "n/a", "Names": "firewalld.service", "NeedDaemonReload": "no", "Nice": "0", "NoNewPrivileges": "no", "NonBlocking": "no", "NotifyAccess": "none", "OOMScoreAdjust": "0", "OnFailureJobMode": "replace", "PermissionsStartOnly": "no", "Perpetual": "no", "PrivateDevices": "no", "PrivateMounts": "no", "PrivateNetwork": "no", "PrivateTmp": "no", "PrivateUsers": "no", "ProtectControlGroups": "no", "ProtectHome": "no", "ProtectKernelModules": "no", "ProtectKernelTunables": "no", "ProtectSystem": "no", "RefuseManualStart": "no", "RefuseManualStop": "no", "RemainAfterExit": "no", "RemoveIPC": "no", "Requires": "dbus.socket sysinit.target system.slice", "Restart": "no", "RestartUSec": "100ms", "RestrictNamespaces": "no", "RestrictRealtime": "no", "RestrictSUIDSGID": "no", "Result": "success", "RootDirectoryStartOnly": "no", "RuntimeDirectoryMode": "0755", "RuntimeDirectoryPreserve": "no", "RuntimeMaxUSec": "infinity", "SameProcessGroup": "no", "SecureBits": "0", "SendSIGHUP": "no", "SendSIGKILL": "yes", "Slice": "system.slice", "StandardError": "null", "StandardInput": "null", "StandardInputData": "", "StandardOutput": "null", "StartLimitAction": "none", "StartLimitBurst": "5", "StartLimitIntervalUSec": "10s", "StartupBlockIOWeight": "[not set]", "StartupCPUShares": "[not set]", "StartupCPUWeight": "[not set]", "StartupIOWeight": "[not set]", "StateChangeTimestamp": "Tue 2023-09-12 04:44:33 EDT", "StateChangeTimestampMonotonic": "4127383234", "StateDirectoryMode": "0755", "StatusErrno": "0", "StopWhenUnneeded": "no", "SubState": "running", "SuccessAction": "none", "SyslogFacility": "3", "SyslogLevel": "6", "SyslogLevelPrefix": "yes", "SyslogPriority": "30", "SystemCallErrorNumber": "0", "TTYReset": "no", "TTYVHangup": "no", "TTYVTDisallocate": "no", "TasksAccounting": "yes", "TasksCurrent": "2", "TasksMax": "4599", "TimeoutStartUSec": "1min 30s", "TimeoutStopUSec": "1min 30s", "TimerSlackNSec": "50000", "Transient": "no", "Type": "dbus", "UID": "[not set]", "UMask": "0022", "UnitFilePreset": "enabled", "UnitFileState": "enabled", "UtmpMode": "init", "WantedBy": "multi-user.target", "Wants": "network-pre.target", "WatchdogTimestamp": "Tue 2023-09-12 04:44:33 EDT", "WatchdogTimestampMonotonic": "4127383231", "WatchdogUSec": "0"}}
2023-09-12 05:30:12,905 p=9127 u=student n=ansible | TASK [configure firewall for samba] ********************************************************************************************************************************************
2023-09-12 05:30:13,746 p=9127 u=student n=ansible | changed: [servera.lab.example.com] => {"changed": true, "msg": "Permanent and Non-Permanent(immediate) operation, Changed service samba to enabled"}
2023-09-12 05:30:13,754 p=9127 u=student n=ansible | TASK [deliver samba config] ****************************************************************************************************************************************************
2023-09-12 05:30:13,863 p=9127 u=student n=ansible | fatal: [servera.lab.example.com]: FAILED! => {"changed": false, "msg": "Could not find or access 'samba.j2'\nSearched in:\n\t/home/student/troubleshoot-playbook/templates/samba.j2\n\t/home/student/troubleshoot-playbook/samba.j2\n\t/home/student/troubleshoot-playbook/templates/samba.j2\n\t/home/student/troubleshoot-playbook/samba.j2 on the Ansible Controller.\nIf you are using a module and expect the file to exist on the remote, see the remote_src option"}
2023-09-12 05:30:13,864 p=9127 u=student n=ansible | PLAY RECAP *********************************************************************************************************************************************************************
2023-09-12 05:30:13,865 p=9127 u=student n=ansible | servera.lab.example.com    : ok=7    changed=3    unreachable=0    failed=1    skipped=0    rescued=0    ignored=0   
2023-09-12 05:31:22,279 p=9246 u=student n=ansible | Using /home/student/troubleshoot-playbook/ansible.cfg as config file
2023-09-12 05:31:22,538 p=9246 u=student n=ansible | PLAY [Install a samba server] **************************************************************************************************************************************************
2023-09-12 05:31:22,546 p=9246 u=student n=ansible | TASK [Gathering Facts] *********************************************************************************************************************************************************
2023-09-12 05:31:23,889 p=9246 u=student n=ansible | ok: [servera.lab.example.com]
2023-09-12 05:31:23,897 p=9246 u=student n=ansible | TASK [install samba] ***********************************************************************************************************************************************************
2023-09-12 05:31:25,618 p=9246 u=student n=ansible | ok: [servera.lab.example.com] => {"changed": false, "msg": "Nothing to do", "rc": 0, "results": []}
2023-09-12 05:31:25,625 p=9246 u=student n=ansible | TASK [install firewalld] *******************************************************************************************************************************************************
2023-09-12 05:31:27,204 p=9246 u=student n=ansible | ok: [servera.lab.example.com] => {"changed": false, "msg": "Nothing to do", "rc": 0, "results": []}
2023-09-12 05:31:27,211 p=9246 u=student n=ansible | TASK [debug install_state variable] ********************************************************************************************************************************************
2023-09-12 05:31:27,245 p=9246 u=student n=ansible | ok: [servera.lab.example.com] => {
    "msg": "The state for the samba service is installed"
}
2023-09-12 05:31:27,252 p=9246 u=student n=ansible | TASK [start samba] *************************************************************************************************************************************************************
2023-09-12 05:31:28,037 p=9246 u=student n=ansible | ok: [servera.lab.example.com] => {"changed": false, "enabled": true, "name": "smb", "state": "started", "status": {"ActiveEnterTimestamp": "Tue 2023-09-12 05:30:12 EDT", "ActiveEnterTimestampMonotonic": "6866106565", "ActiveExitTimestampMonotonic": "0", "ActiveState": "active", "After": "network.target basic.target system.slice nmb.service sysinit.target systemd-journald.socket network-online.target winbind.service", "AllowIsolate": "no", "AllowedCPUs": "", "AllowedMemoryNodes": "", "AmbientCapabilities": "", "AssertResult": "yes", "AssertTimestamp": "Tue 2023-09-12 05:30:11 EDT", "AssertTimestampMonotonic": "6865713234", "Before": "shutdown.target multi-user.target", "BlockIOAccounting": "no", "BlockIOWeight": "[not set]", "CPUAccounting": "no", "CPUAffinity": "", "CPUAffinityFromNUMA": "no", "CPUQuotaPerSecUSec": "infinity", "CPUQuotaPeriodUSec": "infinity", "CPUSchedulingPolicy": "0", "CPUSchedulingPriority": "0", "CPUSchedulingResetOnFork": "no", "CPUShares": "[not set]", "CPUUsageNSec": "[not set]", "CPUWeight": "[not set]", "CacheDirectoryMode": "0755", "CanFreeze": "yes", "CanIsolate": "no", "CanReload": "yes", "CanStart": "yes", "CanStop": "yes", "CapabilityBoundingSet": "cap_chown cap_dac_override cap_dac_read_search cap_fowner cap_fsetid cap_kill cap_setgid cap_setuid cap_setpcap cap_linux_immutable cap_net_bind_service cap_net_broadcast cap_net_admin cap_net_raw cap_ipc_lock cap_ipc_owner cap_sys_module cap_sys_rawio cap_sys_chroot cap_sys_ptrace cap_sys_pacct cap_sys_admin cap_sys_boot cap_sys_nice cap_sys_resource cap_sys_time cap_sys_tty_config cap_mknod cap_lease cap_audit_write cap_audit_control cap_setfcap cap_mac_override cap_mac_admin cap_syslog cap_wake_alarm cap_block_suspend cap_audit_read cap_perfmon", "CollectMode": "inactive", "ConditionResult": "yes", "ConditionTimestamp": "Tue 2023-09-12 05:30:11 EDT", "ConditionTimestampMonotonic": "6865713234", "ConfigurationDirectoryMode": "0755", "Conflicts": "shutdown.target", "ControlGroup": "/system.slice/smb.service", "ControlPID": "0", "DefaultDependencies": "yes", "DefaultMemoryLow": "0", "DefaultMemoryMin": "0", "Delegate": "no", "Description": "Samba SMB Daemon", "DevicePolicy": "auto", "Documentation": "man:smbd(8) man:samba(7) man:smb.conf(5)", "DynamicUser": "no", "EffectiveCPUs": "", "EffectiveMemoryNodes": "", "Environment": "KRB5CCNAME=FILE:/run/samba/krb5cc_samba", "EnvironmentFiles": "/etc/sysconfig/samba (ignore_errors=yes)", "ExecMainCode": "0", "ExecMainExitTimestampMonotonic": "0", "ExecMainPID": "19266", "ExecMainStartTimestamp": "Tue 2023-09-12 05:30:11 EDT", "ExecMainStartTimestampMonotonic": "6865719392", "ExecMainStatus": "0", "ExecReload": "{ path=/bin/kill ; argv[]=/bin/kill -HUP $MAINPID ; ignore_errors=no ; start_time=[n/a] ; stop_time=[n/a] ; pid=0 ; code=(null) ; status=0/0 }", "ExecStart": "{ path=/usr/sbin/smbd ; argv[]=/usr/sbin/smbd --foreground --no-process-group $SMBDOPTIONS ; ignore_errors=no ; start_time=[Tue 2023-09-12 05:30:11 EDT] ; stop_time=[n/a] ; pid=19266 ; code=(null) ; status=0/0 }", "FailureAction": "none", "FileDescriptorStoreMax": "0", "FragmentPath": "/usr/lib/systemd/system/smb.service", "FreezerState": "running", "GID": "[not set]", "GuessMainPID": "yes", "IOAccounting": "no", "IOSchedulingClass": "0", "IOSchedulingPriority": "0", "IOWeight": "[not set]", "IPAccounting": "no", "IPEgressBytes": "18446744073709551615", "IPEgressPackets": "18446744073709551615", "IPIngressBytes": "18446744073709551615", "IPIngressPackets": "18446744073709551615", "Id": "smb.service", "IgnoreOnIsolate": "no", "IgnoreSIGPIPE": "yes", "InactiveEnterTimestampMonotonic": "0", "InactiveExitTimestamp": "Tue 2023-09-12 05:30:11 EDT", "InactiveExitTimestampMonotonic": "6865719435", "InvocationID": "f2146bcb69cc44bb810310e99b9d78b8", "JobRunningTimeoutUSec": "infinity", "JobTimeoutAction": "none", "JobTimeoutUSec": "infinity", "KeyringMode": "private", "KillMode": "control-group", "KillSignal": "15", "LimitAS": "infinity", "LimitASSoft": "infinity", "LimitCORE": "infinity", "LimitCORESoft": "infinity", "LimitCPU": "infinity", "LimitCPUSoft": "infinity", "LimitDATA": "infinity", "LimitDATASoft": "infinity", "LimitFSIZE": "infinity", "LimitFSIZESoft": "infinity", "LimitLOCKS": "infinity", "LimitLOCKSSoft": "infinity", "LimitMEMLOCK": "65536", "LimitMEMLOCKSoft": "65536", "LimitMSGQUEUE": "819200", "LimitMSGQUEUESoft": "819200", "LimitNICE": "0", "LimitNICESoft": "0", "LimitNOFILE": "16384", "LimitNOFILESoft": "16384", "LimitNPROC": "2874", "LimitNPROCSoft": "2874", "LimitRSS": "infinity", "LimitRSSSoft": "infinity", "LimitRTPRIO": "0", "LimitRTPRIOSoft": "0", "LimitRTTIME": "infinity", "LimitRTTIMESoft": "infinity", "LimitSIGPENDING": "2874", "LimitSIGPENDINGSoft": "2874", "LimitSTACK": "infinity", "LimitSTACKSoft": "8388608", "LoadState": "loaded", "LockPersonality": "no", "LogLevelMax": "-1", "LogRateLimitBurst": "0", "LogRateLimitIntervalUSec": "0", "LogsDirectoryMode": "0755", "MainPID": "19266", "MemoryAccounting": "yes", "MemoryCurrent": "40833024", "MemoryDenyWriteExecute": "no", "MemoryHigh": "infinity", "MemoryLimit": "infinity", "MemoryLow": "0", "MemoryMax": "infinity", "MemoryMin": "0", "MemorySwapMax": "infinity", "MountAPIVFS": "no", "MountFlags": "", "NFileDescriptorStore": "0", "NRestarts": "0", "NUMAMask": "", "NUMAPolicy": "n/a", "Names": "smb.service", "NeedDaemonReload": "no", "Nice": "0", "NoNewPrivileges": "no", "NonBlocking": "no", "NotifyAccess": "main", "OOMScoreAdjust": "0", "OnFailureJobMode": "replace", "PIDFile": "/run/smbd.pid", "PermissionsStartOnly": "no", "Perpetual": "no", "PrivateDevices": "no", "PrivateMounts": "no", "PrivateNetwork": "no", "PrivateTmp": "no", "PrivateUsers": "no", "ProtectControlGroups": "no", "ProtectHome": "no", "ProtectKernelModules": "no", "ProtectKernelTunables": "no", "ProtectSystem": "no", "RefuseManualStart": "no", "RefuseManualStop": "no", "RemainAfterExit": "no", "RemoveIPC": "no", "Requires": "system.slice sysinit.target", "Restart": "no", "RestartUSec": "100ms", "RestrictNamespaces": "no", "RestrictRealtime": "no", "RestrictSUIDSGID": "no", "Result": "success", "RootDirectoryStartOnly": "no", "RuntimeDirectoryMode": "0755", "RuntimeDirectoryPreserve": "no", "RuntimeMaxUSec": "infinity", "SameProcessGroup": "no", "SecureBits": "0", "SendSIGHUP": "no", "SendSIGKILL": "yes", "Slice": "system.slice", "StandardError": "inherit", "StandardInput": "null", "StandardInputData": "", "StandardOutput": "journal", "StartLimitAction": "none", "StartLimitBurst": "5", "StartLimitIntervalUSec": "10s", "StartupBlockIOWeight": "[not set]", "StartupCPUShares": "[not set]", "StartupCPUWeight": "[not set]", "StartupIOWeight": "[not set]", "StateChangeTimestamp": "Tue 2023-09-12 05:30:12 EDT", "StateChangeTimestampMonotonic": "6866106565", "StateDirectoryMode": "0755", "StatusErrno": "0", "StatusText": "smbd: ready to serve connections...", "StopWhenUnneeded": "no", "SubState": "running", "SuccessAction": "none", "SyslogFacility": "3", "SyslogLevel": "6", "SyslogLevelPrefix": "yes", "SyslogPriority": "30", "SystemCallErrorNumber": "0", "TTYReset": "no", "TTYVHangup": "no", "TTYVTDisallocate": "no", "TasksAccounting": "yes", "TasksCurrent": "4", "TasksMax": "4599", "TimeoutStartUSec": "1min 30s", "TimeoutStopUSec": "1min 30s", "TimerSlackNSec": "50000", "Transient": "no", "Type": "notify", "UID": "[not set]", "UMask": "0022", "UnitFilePreset": "disabled", "UnitFileState": "enabled", "UtmpMode": "init", "WantedBy": "multi-user.target", "Wants": "network-online.target", "WatchdogTimestamp": "Tue 2023-09-12 05:30:12 EDT", "WatchdogTimestampMonotonic": "6866106562", "WatchdogUSec": "0"}}
2023-09-12 05:31:28,044 p=9246 u=student n=ansible | TASK [start firewalld] *********************************************************************************************************************************************************
2023-09-12 05:31:28,593 p=9246 u=student n=ansible | ok: [servera.lab.example.com] => {"changed": false, "enabled": true, "name": "firewalld", "state": "started", "status": {"ActiveEnterTimestamp": "Tue 2023-09-12 04:44:33 EDT", "ActiveEnterTimestampMonotonic": "4127383234", "ActiveExitTimestamp": "Tue 2023-09-12 04:44:32 EDT", "ActiveExitTimestampMonotonic": "4126863234", "ActiveState": "active", "After": "dbus.socket polkit.service sysinit.target system.slice dbus.service basic.target", "AllowIsolate": "no", "AllowedCPUs": "", "AllowedMemoryNodes": "", "AmbientCapabilities": "", "AssertResult": "yes", "AssertTimestamp": "Tue 2023-09-12 04:44:33 EDT", "AssertTimestampMonotonic": "4127059773", "Before": "network-pre.target shutdown.target multi-user.target", "BlockIOAccounting": "no", "BlockIOWeight": "[not set]", "BusName": "org.fedoraproject.FirewallD1", "CPUAccounting": "no", "CPUAffinity": "", "CPUAffinityFromNUMA": "no", "CPUQuotaPerSecUSec": "infinity", "CPUQuotaPeriodUSec": "infinity", "CPUSchedulingPolicy": "0", "CPUSchedulingPriority": "0", "CPUSchedulingResetOnFork": "no", "CPUShares": "[not set]", "CPUUsageNSec": "[not set]", "CPUWeight": "[not set]", "CacheDirectoryMode": "0755", "CanFreeze": "yes", "CanIsolate": "no", "CanReload": "yes", "CanStart": "yes", "CanStop": "yes", "CapabilityBoundingSet": "cap_chown cap_dac_override cap_dac_read_search cap_fowner cap_fsetid cap_kill cap_setgid cap_setuid cap_setpcap cap_linux_immutable cap_net_bind_service cap_net_broadcast cap_net_admin cap_net_raw cap_ipc_lock cap_ipc_owner cap_sys_module cap_sys_rawio cap_sys_chroot cap_sys_ptrace cap_sys_pacct cap_sys_admin cap_sys_boot cap_sys_nice cap_sys_resource cap_sys_time cap_sys_tty_config cap_mknod cap_lease cap_audit_write cap_audit_control cap_setfcap cap_mac_override cap_mac_admin cap_syslog cap_wake_alarm cap_block_suspend cap_audit_read cap_perfmon", "CollectMode": "inactive", "ConditionResult": "yes", "ConditionTimestamp": "Tue 2023-09-12 04:44:33 EDT", "ConditionTimestampMonotonic": "4127059773", "ConfigurationDirectoryMode": "0755", "Conflicts": "shutdown.target nftables.service ebtables.service ip6tables.service iptables.service ipset.service", "ControlGroup": "/system.slice/firewalld.service", "ControlPID": "0", "DefaultDependencies": "yes", "DefaultMemoryLow": "0", "DefaultMemoryMin": "0", "Delegate": "no", "Description": "firewalld - dynamic firewall daemon", "DevicePolicy": "auto", "Documentation": "man:firewalld(1)", "DynamicUser": "no", "EffectiveCPUs": "", "EffectiveMemoryNodes": "", "EnvironmentFiles": "/etc/sysconfig/firewalld (ignore_errors=yes)", "ExecMainCode": "0", "ExecMainExitTimestampMonotonic": "0", "ExecMainPID": "14954", "ExecMainStartTimestamp": "Tue 2023-09-12 04:44:33 EDT", "ExecMainStartTimestampMonotonic": "4127060983", "ExecMainStatus": "0", "ExecReload": "{ path=/bin/kill ; argv[]=/bin/kill -HUP $MAINPID ; ignore_errors=no ; start_time=[n/a] ; stop_time=[n/a] ; pid=0 ; code=(null) ; status=0/0 }", "ExecStart": "{ path=/usr/sbin/firewalld ; argv[]=/usr/sbin/firewalld --nofork --nopid $FIREWALLD_ARGS ; ignore_errors=no ; start_time=[n/a] ; stop_time=[n/a] ; pid=0 ; code=(null) ; status=0/0 }", "FailureAction": "none", "FileDescriptorStoreMax": "0", "FragmentPath": "/usr/lib/systemd/system/firewalld.service", "FreezerState": "running", "GID": "[not set]", "GuessMainPID": "yes", "IOAccounting": "no", "IOSchedulingClass": "0", "IOSchedulingPriority": "0", "IOWeight": "[not set]", "IPAccounting": "no", "IPEgressBytes": "18446744073709551615", "IPEgressPackets": "18446744073709551615", "IPIngressBytes": "18446744073709551615", "IPIngressPackets": "18446744073709551615", "Id": "firewalld.service", "IgnoreOnIsolate": "no", "IgnoreSIGPIPE": "yes", "InactiveEnterTimestamp": "Tue 2023-09-12 04:44:33 EDT", "InactiveEnterTimestampMonotonic": "4127058905", "InactiveExitTimestamp": "Tue 2023-09-12 04:44:33 EDT", "InactiveExitTimestampMonotonic": "4127061147", "InvocationID": "bfbf0b5c67524b9b88f34bf17d6c35b6", "JobRunningTimeoutUSec": "infinity", "JobTimeoutAction": "none", "JobTimeoutUSec": "infinity", "KeyringMode": "private", "KillMode": "mixed", "KillSignal": "15", "LimitAS": "infinity", "LimitASSoft": "infinity", "LimitCORE": "infinity", "LimitCORESoft": "infinity", "LimitCPU": "infinity", "LimitCPUSoft": "infinity", "LimitDATA": "infinity", "LimitDATASoft": "infinity", "LimitFSIZE": "infinity", "LimitFSIZESoft": "infinity", "LimitLOCKS": "infinity", "LimitLOCKSSoft": "infinity", "LimitMEMLOCK": "65536", "LimitMEMLOCKSoft": "65536", "LimitMSGQUEUE": "819200", "LimitMSGQUEUESoft": "819200", "LimitNICE": "0", "LimitNICESoft": "0", "LimitNOFILE": "262144", "LimitNOFILESoft": "1024", "LimitNPROC": "2874", "LimitNPROCSoft": "2874", "LimitRSS": "infinity", "LimitRSSSoft": "infinity", "LimitRTPRIO": "0", "LimitRTPRIOSoft": "0", "LimitRTTIME": "infinity", "LimitRTTIMESoft": "infinity", "LimitSIGPENDING": "2874", "LimitSIGPENDINGSoft": "2874", "LimitSTACK": "infinity", "LimitSTACKSoft": "8388608", "LoadState": "loaded", "LockPersonality": "no", "LogLevelMax": "-1", "LogRateLimitBurst": "0", "LogRateLimitIntervalUSec": "0", "LogsDirectoryMode": "0755", "MainPID": "14954", "MemoryAccounting": "yes", "MemoryCurrent": "27619328", "MemoryDenyWriteExecute": "no", "MemoryHigh": "infinity", "MemoryLimit": "infinity", "MemoryLow": "0", "MemoryMax": "infinity", "MemoryMin": "0", "MemorySwapMax": "infinity", "MountAPIVFS": "no", "MountFlags": "", "NFileDescriptorStore": "0", "NRestarts": "0", "NUMAMask": "", "NUMAPolicy": "n/a", "Names": "firewalld.service", "NeedDaemonReload": "no", "Nice": "0", "NoNewPrivileges": "no", "NonBlocking": "no", "NotifyAccess": "none", "OOMScoreAdjust": "0", "OnFailureJobMode": "replace", "PermissionsStartOnly": "no", "Perpetual": "no", "PrivateDevices": "no", "PrivateMounts": "no", "PrivateNetwork": "no", "PrivateTmp": "no", "PrivateUsers": "no", "ProtectControlGroups": "no", "ProtectHome": "no", "ProtectKernelModules": "no", "ProtectKernelTunables": "no", "ProtectSystem": "no", "RefuseManualStart": "no", "RefuseManualStop": "no", "RemainAfterExit": "no", "RemoveIPC": "no", "Requires": "dbus.socket sysinit.target system.slice", "Restart": "no", "RestartUSec": "100ms", "RestrictNamespaces": "no", "RestrictRealtime": "no", "RestrictSUIDSGID": "no", "Result": "success", "RootDirectoryStartOnly": "no", "RuntimeDirectoryMode": "0755", "RuntimeDirectoryPreserve": "no", "RuntimeMaxUSec": "infinity", "SameProcessGroup": "no", "SecureBits": "0", "SendSIGHUP": "no", "SendSIGKILL": "yes", "Slice": "system.slice", "StandardError": "null", "StandardInput": "null", "StandardInputData": "", "StandardOutput": "null", "StartLimitAction": "none", "StartLimitBurst": "5", "StartLimitIntervalUSec": "10s", "StartupBlockIOWeight": "[not set]", "StartupCPUShares": "[not set]", "StartupCPUWeight": "[not set]", "StartupIOWeight": "[not set]", "StateChangeTimestamp": "Tue 2023-09-12 04:44:33 EDT", "StateChangeTimestampMonotonic": "4127383234", "StateDirectoryMode": "0755", "StatusErrno": "0", "StopWhenUnneeded": "no", "SubState": "running", "SuccessAction": "none", "SyslogFacility": "3", "SyslogLevel": "6", "SyslogLevelPrefix": "yes", "SyslogPriority": "30", "SystemCallErrorNumber": "0", "TTYReset": "no", "TTYVHangup": "no", "TTYVTDisallocate": "no", "TasksAccounting": "yes", "TasksCurrent": "2", "TasksMax": "4599", "TimeoutStartUSec": "1min 30s", "TimeoutStopUSec": "1min 30s", "TimerSlackNSec": "50000", "Transient": "no", "Type": "dbus", "UID": "[not set]", "UMask": "0022", "UnitFilePreset": "enabled", "UnitFileState": "enabled", "UtmpMode": "init", "WantedBy": "multi-user.target", "Wants": "network-pre.target", "WatchdogTimestamp": "Tue 2023-09-12 04:44:33 EDT", "WatchdogTimestampMonotonic": "4127383231", "WatchdogUSec": "0"}}
2023-09-12 05:31:28,600 p=9246 u=student n=ansible | TASK [configure firewall for samba] ********************************************************************************************************************************************
2023-09-12 05:31:29,281 p=9246 u=student n=ansible | ok: [servera.lab.example.com] => {"changed": false, "msg": "Permanent and Non-Permanent(immediate) operation"}
2023-09-12 05:31:29,290 p=9246 u=student n=ansible | TASK [deliver samba config] ****************************************************************************************************************************************************
2023-09-12 05:31:30,318 p=9246 u=student n=ansible | changed: [servera.lab.example.com] => {"changed": true, "checksum": "e5c193ef622bac5e1f767b0da6c8c73bd109b1fa", "dest": "/etc/samba/smb.conf", "gid": 0, "group": "root", "md5sum": "de5ab1b3e53382b59239b9ad300cc887", "mode": "0644", "owner": "root", "secontext": "system_u:object_r:samba_etc_t:s0", "size": 520, "src": "/home/devops/.ansible/tmp/ansible-tmp-1694511089.3490458-9313-146816076364838/source", "state": "file", "uid": 0}
2023-09-12 05:31:30,320 p=9246 u=student n=ansible | PLAY RECAP *********************************************************************************************************************************************************************
2023-09-12 05:31:30,320 p=9246 u=student n=ansible | servera.lab.example.com    : ok=8    changed=1    unreachable=0    failed=0    skipped=0    rescued=0    ignored=0   
